/projappl/project_2010689/packages/lib/python3.11/site-packages/transformers/utils/generic.py:441: FutureWarning: `torch.utils._pytree._register_pytree_node` is deprecated. Please use `torch.utils._pytree.register_pytree_node` instead.
  _torch_pytree._register_pytree_node(
/projappl/project_2010689/packages/lib/python3.11/site-packages/transformers/utils/generic.py:441: FutureWarning: `torch.utils._pytree._register_pytree_node` is deprecated. Please use `torch.utils._pytree.register_pytree_node` instead.
  _torch_pytree._register_pytree_node(
/projappl/project_2010689/packages/lib/python3.11/site-packages/mmengine/optim/optimizer/zero_optimizer.py:11: DeprecationWarning: `TorchScript` support for functional optimizers is deprecated and will be removed in a future PyTorch release. Consider using the `torch.compile` optimizer instead.
  from torch.distributed.optim import \
/projappl/project_2010689/packages/lib/python3.11/site-packages/mmengine/optim/optimizer/zero_optimizer.py:11: DeprecationWarning: `TorchScript` support for functional optimizers is deprecated and will be removed in a future PyTorch release. Consider using the `torch.compile` optimizer instead.
  from torch.distributed.optim import \
/projappl/project_2010689/packages/lib/python3.11/site-packages/transformers/utils/generic.py:309: FutureWarning: `torch.utils._pytree._register_pytree_node` is deprecated. Please use `torch.utils._pytree.register_pytree_node` instead.
  _torch_pytree._register_pytree_node(
/projappl/project_2010689/packages/lib/python3.11/site-packages/transformers/utils/generic.py:309: FutureWarning: `torch.utils._pytree._register_pytree_node` is deprecated. Please use `torch.utils._pytree.register_pytree_node` instead.
  _torch_pytree._register_pytree_node(
/projappl/project_2010689/packages/lib/python3.11/site-packages/transformers/utils/generic.py:309: FutureWarning: `torch.utils._pytree._register_pytree_node` is deprecated. Please use `torch.utils._pytree.register_pytree_node` instead.
  _torch_pytree._register_pytree_node(
/projappl/project_2010689/packages/lib/python3.11/site-packages/transformers/utils/generic.py:309: FutureWarning: `torch.utils._pytree._register_pytree_node` is deprecated. Please use `torch.utils._pytree.register_pytree_node` instead.
  _torch_pytree._register_pytree_node(
[rank1]:[W424 11:30:31.145954977 ProcessGroupNCCL.cpp:4115] [PG ID 0 PG GUID 0 Rank 1]  using GPU 1 to perform barrier as devices used by this process are currently unknown. This can potentially cause a hang if this rank to GPU mapping is incorrect.Specify device_ids in barrier() to force use of a particular device,or call init_process_group() with a device_id.
[rank0]:[W424 11:30:31.303855218 ProcessGroupNCCL.cpp:4115] [PG ID 0 PG GUID 0 Rank 0]  using GPU 0 to perform barrier as devices used by this process are currently unknown. This can potentially cause a hang if this rank to GPU mapping is incorrect.Specify device_ids in barrier() to force use of a particular device,or call init_process_group() with a device_id.
/usr/local/lib64/python3.11/site-packages/torch/functional.py:534: UserWarning: torch.meshgrid: in an upcoming release, it will be required to pass the indexing argument. (Triggered internally at ../aten/src/ATen/native/TensorShape.cpp:3595.)
  return _VF.meshgrid(tensors, **kwargs)  # type: ignore[attr-defined]
/usr/local/lib64/python3.11/site-packages/torch/functional.py:534: UserWarning: torch.meshgrid: in an upcoming release, it will be required to pass the indexing argument. (Triggered internally at ../aten/src/ATen/native/TensorShape.cpp:3595.)
  return _VF.meshgrid(tensors, **kwargs)  # type: ignore[attr-defined]
/scratch/project_2010689/2026/TimeFlow_New2/scripts/train_timeflow_adni.py:616: FutureWarning: `torch.cuda.amp.GradScaler(args...)` is deprecated. Please use `torch.amp.GradScaler('cuda', args...)` instead.
  scaler = torch.cuda.amp.GradScaler(enabled=(args.use_amp and args.amp_dtype == 'fp16'))
/scratch/project_2010689/2026/TimeFlow_New2/scripts/train_timeflow_adni.py:616: FutureWarning: `torch.cuda.amp.GradScaler(args...)` is deprecated. Please use `torch.amp.GradScaler('cuda', args...)` instead.
  scaler = torch.cuda.amp.GradScaler(enabled=(args.use_amp and args.amp_dtype == 'fp16'))
/scratch/project_2010689/2026/TimeFlow_New2/scripts/train_timeflow_adni.py:451: FutureWarning: You are using `torch.load` with `weights_only=False` (the current default value), which uses the default pickle module implicitly. It is possible to construct malicious pickle data which will execute arbitrary code during unpickling (See https://github.com/pytorch/pytorch/blob/main/SECURITY.md#untrusted-models for more details). In a future release, the default value for `weights_only` will be flipped to `True`. This limits the functions that could be executed during unpickling. Arbitrary objects will no longer be allowed to be loaded via this mode unless they are explicitly allowlisted by the user via `torch.serialization.add_safe_globals`. We recommend you start setting `weights_only=True` for any use case where you don't have full control of the loaded file. Please open an issue on GitHub for any issues related to this experimental feature.
  ckpt = torch.load(resume_path, map_location=device)
/scratch/project_2010689/2026/TimeFlow_New2/scripts/train_timeflow_adni.py:451: FutureWarning: You are using `torch.load` with `weights_only=False` (the current default value), which uses the default pickle module implicitly. It is possible to construct malicious pickle data which will execute arbitrary code during unpickling (See https://github.com/pytorch/pytorch/blob/main/SECURITY.md#untrusted-models for more details). In a future release, the default value for `weights_only` will be flipped to `True`. This limits the functions that could be executed during unpickling. Arbitrary objects will no longer be allowed to be loaded via this mode unless they are explicitly allowlisted by the user via `torch.serialization.add_safe_globals`. We recommend you start setting `weights_only=True` for any use case where you don't have full control of the loaded file. Please open an issue on GitHub for any issues related to this experimental feature.
  ckpt = torch.load(resume_path, map_location=device)
[rank1]: Traceback (most recent call last):
[rank1]:   File "/scratch/project_2010689/2026/TimeFlow_New2/scripts/train_timeflow_adni.py", line 777, in <module>
[rank1]:     main()
[rank1]:   File "/scratch/project_2010689/2026/TimeFlow_New2/scripts/train_timeflow_adni.py", line 665, in main
[rank1]:     train_metrics = train_one_epoch(model, train_loader, optimizer, scaler, warp, vecint, loss_funcs, args, device)
[rank1]:                     ^^^^^^^^^^^^^^^^^^^^^^^^^^^^^^^^^^^^^^^^^^^^^^^^^^^^^^^^^^^^^^^^^^^^^^^^^^^^^^^^^^^^^^^^^^^^^^^
[rank1]:   File "/scratch/project_2010689/2026/TimeFlow_New2/scripts/train_timeflow_adni.py", line 269, in train_one_epoch
[rank1]:     pred_anchor, flow_anchor = predict(model, warp, source, middle, one, vecint)
[rank1]:                                ^^^^^^^^^^^^^^^^^^^^^^^^^^^^^^^^^^^^^^^^^^^^^^^^^
[rank1]:   File "/scratch/project_2010689/2026/TimeFlow_New2/scripts/train_timeflow_adni.py", line 239, in predict
[rank1]:     flow = model(source, target, t)
[rank1]:            ^^^^^^^^^^^^^^^^^^^^^^^^
[rank1]:   File "/usr/local/lib64/python3.11/site-packages/torch/nn/modules/module.py", line 1736, in _wrapped_call_impl
[rank1]:     return self._call_impl(*args, **kwargs)
[rank1]:            ^^^^^^^^^^^^^^^^^^^^^^^^^^^^^^^^
[rank1]:   File "/usr/local/lib64/python3.11/site-packages/torch/nn/modules/module.py", line 1747, in _call_impl
[rank1]:     return forward_call(*args, **kwargs)
[rank1]:            ^^^^^^^^^^^^^^^^^^^^^^^^^^^^^
[rank1]:   File "/usr/local/lib64/python3.11/site-packages/torch/nn/parallel/distributed.py", line 1639, in forward
[rank1]:     inputs, kwargs = self._pre_forward(*inputs, **kwargs)
[rank1]:                      ^^^^^^^^^^^^^^^^^^^^^^^^^^^^^^^^^^^^
[rank1]:   File "/usr/local/lib64/python3.11/site-packages/torch/nn/parallel/distributed.py", line 1528, in _pre_forward
[rank1]:     if torch.is_grad_enabled() and self.reducer._rebuild_buckets():
[rank1]:                                    ^^^^^^^^^^^^^^^^^^^^^^^^^^^^^^^
[rank1]: RuntimeError: Expected to have finished reduction in the prior iteration before starting a new one. This error indicates that your module has parameters that were not used in producing loss. You can enable unused parameter detection by passing the keyword argument `find_unused_parameters=True` to `torch.nn.parallel.DistributedDataParallel`, and by 
[rank1]: making sure all `forward` function outputs participate in calculating loss. 
[rank1]: If you already have done the above, then the distributed data parallel module wasn't able to locate the output tensors in the return value of your module's `forward` function. Please include the loss function and the structure of the return value of `forward` of your module when reporting this issue (e.g. list, dict, iterable).
[rank1]: Parameter indices which did not receive grad for rank 1: 54 55 56 57
[rank1]:  In addition, you can set the environment variable TORCH_DISTRIBUTED_DEBUG to either INFO or DETAIL to print out information about which particular parameters did not receive gradient on this rank as part of this error
Training:   0%|          | 0/4774 [00:00<?, ?it/s]Training:   0%|          | 1/4774 [00:07<10:00:52,  7.55s/it]                                                             [rank0]: Traceback (most recent call last):
[rank0]:   File "/scratch/project_2010689/2026/TimeFlow_New2/scripts/train_timeflow_adni.py", line 777, in <module>
[rank0]:     main()
[rank0]:   File "/scratch/project_2010689/2026/TimeFlow_New2/scripts/train_timeflow_adni.py", line 665, in main
[rank0]:     train_metrics = train_one_epoch(model, train_loader, optimizer, scaler, warp, vecint, loss_funcs, args, device)
[rank0]:                     ^^^^^^^^^^^^^^^^^^^^^^^^^^^^^^^^^^^^^^^^^^^^^^^^^^^^^^^^^^^^^^^^^^^^^^^^^^^^^^^^^^^^^^^^^^^^^^^
[rank0]:   File "/scratch/project_2010689/2026/TimeFlow_New2/scripts/train_timeflow_adni.py", line 269, in train_one_epoch
[rank0]:     pred_anchor, flow_anchor = predict(model, warp, source, middle, one, vecint)
[rank0]:                                ^^^^^^^^^^^^^^^^^^^^^^^^^^^^^^^^^^^^^^^^^^^^^^^^^
[rank0]:   File "/scratch/project_2010689/2026/TimeFlow_New2/scripts/train_timeflow_adni.py", line 239, in predict
[rank0]:     flow = model(source, target, t)
[rank0]:            ^^^^^^^^^^^^^^^^^^^^^^^^
[rank0]:   File "/usr/local/lib64/python3.11/site-packages/torch/nn/modules/module.py", line 1736, in _wrapped_call_impl
[rank0]:     return self._call_impl(*args, **kwargs)
[rank0]:            ^^^^^^^^^^^^^^^^^^^^^^^^^^^^^^^^
[rank0]:   File "/usr/local/lib64/python3.11/site-packages/torch/nn/modules/module.py", line 1747, in _call_impl
[rank0]:     return forward_call(*args, **kwargs)
[rank0]:            ^^^^^^^^^^^^^^^^^^^^^^^^^^^^^
[rank0]:   File "/usr/local/lib64/python3.11/site-packages/torch/nn/parallel/distributed.py", line 1639, in forward
[rank0]:     inputs, kwargs = self._pre_forward(*inputs, **kwargs)
[rank0]:                      ^^^^^^^^^^^^^^^^^^^^^^^^^^^^^^^^^^^^
[rank0]:   File "/usr/local/lib64/python3.11/site-packages/torch/nn/parallel/distributed.py", line 1528, in _pre_forward
[rank0]:     if torch.is_grad_enabled() and self.reducer._rebuild_buckets():
[rank0]:                                    ^^^^^^^^^^^^^^^^^^^^^^^^^^^^^^^
[rank0]: RuntimeError: Expected to have finished reduction in the prior iteration before starting a new one. This error indicates that your module has parameters that were not used in producing loss. You can enable unused parameter detection by passing the keyword argument `find_unused_parameters=True` to `torch.nn.parallel.DistributedDataParallel`, and by 
[rank0]: making sure all `forward` function outputs participate in calculating loss. 
[rank0]: If you already have done the above, then the distributed data parallel module wasn't able to locate the output tensors in the return value of your module's `forward` function. Please include the loss function and the structure of the return value of `forward` of your module when reporting this issue (e.g. list, dict, iterable).
[rank0]: Parameter indices which did not receive grad for rank 0: 54 55 56 57
[rank0]:  In addition, you can set the environment variable TORCH_DISTRIBUTED_DEBUG to either INFO or DETAIL to print out information about which particular parameters did not receive gradient on this rank as part of this error
srun: error: g1101: tasks 0-1: Exited with exit code 1
srun: Terminating StepId=6431919.0
